<?xml version="1.0" encoding="UTF-8"?>
<!-- Generated by org.testng.reporters.JUnitXMLReporter -->
<testsuite hostname="DESKTOP-RO4SQMB" ignored="6" name="Test" tests="6" failures="0" timestamp="29 Jul 2022 04:18:31 GMT" time="8.655" errors="0">
  <testcase name="a" time="0.011" classname="basics.Basic1"/>
  <testcase name="e" time="0.007" classname="basics.Basic1"/>
  <testcase name="z" time="0.082" classname="sample.Homepage"/>
  <testcase name="geturl" time="0.103" classname="sample.Homepage"/>
  <testcase name="gettext" time="0.149" classname="sample.Homepage"/>
  <testcase name="login" time="1.827" classname="sample.Homepage"/>
  <testcase name="test2" time="0.0" classname="basics.Basic2">
    <ignored/>
  </testcase> <!-- test2 -->
  <testcase name="clickonsigin" time="0.0" classname="sample.Homepage">
    <ignored/>
  </testcase> <!-- clickonsigin -->
  <testcase name="search" time="0.0" classname="sample.Myntra">
    <ignored/>
  </testcase> <!-- search -->
  <testcase name="z" time="0.0" classname="basics.Basic1">
    <ignored/>
  </testcase> <!-- z -->
  <testcase name="test1" time="0.0" classname="basics.Basic2">
    <ignored/>
  </testcase> <!-- test1 -->
  <testcase name="c" time="0.0" classname="basics.Basic1">
    <ignored/>
  </testcase> <!-- c -->
</testsuite> <!-- Test -->
